<?xml version="1.0" encoding="UTF-8"?>
<testng-results ignored="0" total="1" passed="1" failed="0" skipped="0">
  <reporter-output>
  </reporter-output>
  <suite started-at="2023-05-04T09:04:21 IST" name="Default suite" finished-at="2023-05-04T09:04:28 IST" duration-ms="7271">
    <groups>
    </groups>
    <test started-at="2023-05-04T09:04:21 IST" name="Default test" finished-at="2023-05-04T09:04:28 IST" duration-ms="7271">
      <class name="Scenarios.VerifyPasswordPageElements">
        <test-method is-config="true" signature="before()[pri:0, instance:Scenarios.VerifyPasswordPageElements@10feca44]" started-at="2023-05-04T09:04:21 IST" name="before" finished-at="2023-05-04T09:04:24 IST" duration-ms="3028" status="PASS">
          <reporter-output>
          </reporter-output>
        </test-method> <!-- before -->
        <test-method signature="passwordFields()[pri:0, instance:Scenarios.VerifyPasswordPageElements@10feca44]" started-at="2023-05-04T09:04:24 IST" name="passwordFields" finished-at="2023-05-04T09:04:28 IST" duration-ms="4002" status="PASS">
          <reporter-output>
          </reporter-output>
        </test-method> <!-- passwordFields -->
        <test-method is-config="true" signature="after()[pri:0, instance:Scenarios.VerifyPasswordPageElements@10feca44]" started-at="2023-05-04T09:04:28 IST" name="after" finished-at="2023-05-04T09:04:28 IST" duration-ms="201" status="PASS">
          <reporter-output>
          </reporter-output>
        </test-method> <!-- after -->
      </class> <!-- Scenarios.VerifyPasswordPageElements -->
    </test> <!-- Default test -->
  </suite> <!-- Default suite -->
</testng-results>
